<?xml version="1.0" encoding="UTF-8"?>
<testng-results skipped="0" failed="0" ignored="0" total="1" passed="1">
  <reporter-output>
  </reporter-output>
  <suite name="Default suite" duration-ms="49867" started-at="2018-03-17T21:09:22Z" finished-at="2018-03-17T21:10:12Z">
    <groups>
    </groups>
    <test name="Default test" duration-ms="49867" started-at="2018-03-17T21:09:22Z" finished-at="2018-03-17T21:10:12Z">
      <class name="cvp.pts.pagetest.SignUpPageTest">
        <test-method status="PASS" signature="setUp()[pri:0, instance:cvp.pts.pagetest.SignUpPageTest@cc285f4]" name="setUp" is-config="true" duration-ms="23794" started-at="2018-03-17T17:09:22Z" finished-at="2018-03-17T17:09:46Z">
          <reporter-output>
          </reporter-output>
        </test-method> <!-- setUp -->
        <test-method status="PASS" signature="test()[pri:0, instance:cvp.pts.pagetest.SignUpPageTest@cc285f4]" name="test" duration-ms="21766" started-at="2018-03-17T17:09:46Z" finished-at="2018-03-17T17:10:07Z">
          <reporter-output>
          </reporter-output>
        </test-method> <!-- test -->
        <test-method status="PASS" signature="exitTest()[pri:0, instance:cvp.pts.pagetest.SignUpPageTest@cc285f4]" name="exitTest" is-config="true" duration-ms="4278" started-at="2018-03-17T17:10:07Z" finished-at="2018-03-17T17:10:12Z">
          <reporter-output>
          </reporter-output>
        </test-method> <!-- exitTest -->
      </class> <!-- cvp.pts.pagetest.SignUpPageTest -->
    </test> <!-- Default test -->
  </suite> <!-- Default suite -->
</testng-results>
